<?xml version="1.0" encoding="UTF-8"?>
<!-- Generated by org.testng.reporters.JUnitXMLReporter -->
<testsuite hostname="DESKTOP-1AJD5AV" ignored="0" name="Default test" tests="4" failures="0" timestamp="23 Jul 2017 05:50:33 GMT" time="37.562" errors="0">
  <testcase name="loginLogOut" time="3.004" classname="testcases.TC001_Loginnegative"/>
  <testcase name="loginLogOut" time="3.018" classname="testcases.TC001_Loginnegative"/>
  <testcase name="loginLogOut" time="2.983" classname="testcases.TC001_Loginnegative"/>
  <testcase name="loginLogOut" time="3.161" classname="testcases.TC001_Loginnegative"/>
</testsuite> <!-- Default test -->
