<?xml version="1.0" encoding="UTF-8"?>
<!-- Generated by org.testng.reporters.JUnitXMLReporter -->
<testsuite hostname="DESKTOP-1AJD5AV" ignored="4" name="Test" tests="6" failures="0" timestamp="23 Jul 2017 05:54:54 GMT" time="43.073" errors="0">
  <testcase name="loginLogOut" time="3.386" classname="testcases.TC001_Loginnegative"/>
  <testcase name="loginLogOut" time="5.211" classname="testcases.TC001_LoginLogOut"/>
  <testcase name="loginLogOut" time="3.031" classname="testcases.TC001_Loginnegative"/>
  <testcase name="loginLogOut" time="5.051" classname="testcases.TC001_LoginLogOut"/>
  <testcase name="loginLogOut" time="2.948" classname="testcases.TC001_Loginnegative"/>
  <testcase name="loginLogOut" time="3.2" classname="testcases.TC001_Loginnegative"/>
  <testcase name="@BeforeTest beforeTest" time="0.0" classname="wrappers.LeafTapsWrappers">
    <ignored/>
  </testcase> <!-- @BeforeTest beforeTest -->
  <testcase name="@AfterSuite afterSuite" time="0.0" classname="wrappers.LeafTapsWrappers">
    <ignored/>
  </testcase> <!-- @AfterSuite afterSuite -->
  <testcase name="@BeforeSuite beforeSuite" time="0.0" classname="wrappers.LeafTapsWrappers">
    <ignored/>
  </testcase> <!-- @BeforeSuite beforeSuite -->
  <testcase name="@AfterTest afterTest" time="0.0" classname="wrappers.LeafTapsWrappers">
    <ignored/>
  </testcase> <!-- @AfterTest afterTest -->
</testsuite> <!-- Test -->
